[2026-01-28 18:00:02] === è‡ªå‹•æ›´æ–°é–‹å§‹ ===
[2026-01-28 18:00:02] ãƒ‡ãƒ¼ã‚¿å–å¾—ä¸­...
[2026-01-28 18:03:07] ãƒ‡ãƒ¼ã‚¿å–å¾—å¤±æ•—ï¼ˆã‚¿ã‚¤ãƒ ã‚¢ã‚¦ãƒˆã¾ãŸã¯ã‚¨ãƒ©ãƒ¼ï¼‰
[2026-01-28 18:03:07] é™çš„ã‚µã‚¤ãƒˆç”Ÿæˆä¸­...
node:events:486
      throw er; // Unhandled 'error' event
      ^

Error: write EPIPE
    at afterWriteDispatched (node:internal/stream_base_commons:159:15)
    at writeGeneric (node:internal/stream_base_commons:150:3)
    at Socket._writeGeneric (node:net:966:11)
    at Socket._write (node:net:978:8)
    at writeOrBuffer (node:internal/streams/writable:570:12)
    at _write (node:internal/streams/writable:499:10)
    at Writable.write (node:internal/streams/writable:508:10)
    at PipeTransport.send (/home/riichi/.local/lib/python3.12/site-packages/playwright/driver/package/lib/server/utils/pipeTransport.js:52:21)
    at dispatcherConnection.onmessage (/home/riichi/.local/lib/python3.12/site-packages/playwright/driver/package/lib/cli/driver.js:60:59)
    at DispatcherConnection.sendDispose (/home/riichi/.local/lib/python3.12/site-packages/playwright/driver/package/lib/server/dispatchers/dispatcher.js:191:10)
Emitted 'error' event on Socket instance at:
    at emitErrorNT (node:internal/streams/destroy:170:8)
    at emitErrorCloseNT (node:internal/streams/destroy:129:3)
    at process.processTicksAndRejections (node:internal/process/task_queues:89:21) {
  errno: -32,
  code: 'EPIPE',
  syscall: 'write'
}

Node.js v24.11.1
==================================================
é™çš„ã‚µã‚¤ãƒˆç”Ÿæˆé–‹å§‹
å‡ºåŠ›å…ˆ: /home/riichi/works/slot/docs
==================================================

Running unit verification...
âœ“ å°ç•ªå·ã®ç•°å¸¸ãªã—
Running data integrity check...

==================================================
ãƒ‡ãƒ¼ã‚¿æ•´åˆæ€§ãƒã‚§ãƒƒã‚¯: 3ä»¶ã®å•é¡Œ
  ðŸ”´ é‡å¤§: 1ä»¶
  ðŸŸ¡ è­¦å‘Š: 2ä»¶
==================================================
ðŸ”´ [store_missing] ç§‹è‘‰åŽŸã‚¨ã‚¹ãƒ‘ã‚¹é§…å‰: availability.jsonã«ãƒ‡ãƒ¼ã‚¿ãªã—
ðŸŸ¡ [units_insufficient] è¥¿æ­¦æ–°å®¿é§…å‰ã‚¨ã‚¹ãƒ‘ã‚¹: å°æ•°ä¸è¶³ï¼ˆæœŸå¾…7å°ã€å®Ÿéš›3å°ï¼‰
ðŸŸ¡ [data_stale] ãƒ‡ãƒ¼ã‚¿ãŒ1145åˆ†å‰ã®ã‚‚ã®ï¼ˆ60åˆ†è¶…éŽï¼‰

  ðŸ“Š ãƒ‘ã‚¿ãƒ¼ãƒ³è¨˜éŒ²: island_akihabara_hokuto_tensei2 (182ä»¶)
  ðŸ“Š ãƒ‘ã‚¿ãƒ¼ãƒ³è¨˜éŒ²: shinjuku_espass_hokuto_tensei2 (56ä»¶)
  ðŸ“Š ãƒ‘ã‚¿ãƒ¼ãƒ³è¨˜éŒ²: akiba_espass_sbj (38ä»¶)
  ðŸ“Š ãƒ‘ã‚¿ãƒ¼ãƒ³è¨˜éŒ²: island_akihabara_sbj (182ä»¶)
  ðŸ“Š ãƒ‘ã‚¿ãƒ¼ãƒ³è¨˜éŒ²: shinjuku_espass_sbj (104ä»¶)
  ðŸ“Š ãƒ‘ã‚¿ãƒ¼ãƒ³è¨˜éŒ²: akiba_espass_hokuto_tensei2 (154ä»¶)
  ðŸ“Š ãƒ‘ã‚¿ãƒ¼ãƒ³è¨˜éŒ²: seibu_shinjuku_espass_sbj (21ä»¶)
  ðŸ“Š ãƒ‘ã‚¿ãƒ¼ãƒ³è¨˜éŒ²: shibuya_espass_sbj (27ä»¶)
  ðŸ“Š ãƒ‘ã‚¿ãƒ¼ãƒ³è¨˜éŒ²: shibuya_espass_hokuto_tensei2 (212ä»¶)

Generating index.html...
  verify ãƒ‡ãƒ¼ã‚¿èª­è¾¼: 5åº—èˆ—åˆ†
Local data is stale (1145 minutes old)
Local data is stale (1145 minutes old)
Local data is stale (1145 minutes old)
Local data is stale (1145 minutes old)
Local data is stale (1145 minutes old)
Local data is stale (1145 minutes old)
Local data is stale (1145 minutes old)
Local data is stale (1145 minutes old)
Local data is stale (1145 minutes old)
Local data is stale (1145 minutes old)
Local data is stale (1145 minutes old)
Local data is stale (1145 minutes old)
Local data is stale (1145 minutes old)
Local data is stale (1145 minutes old)
Local data is stale (1145 minutes old)
Local data is stale (1145 minutes old)
Local data is stale (1145 minutes old)
Local data is stale (1145 minutes old)
Local data is stale (1145 minutes old)
Local data is stale (1145 minutes old)
Local data is stale (1145 minutes old)
Local data is stale (1145 minutes old)
Local data is stale (1145 minutes old)
Local data is stale (1145 minutes old)
Local data is stale (1145 minutes old)
Local data is stale (1145 minutes old)
Local data is stale (1145 minutes old)
Local data is stale (1145 minutes old)
  -> /home/riichi/works/slot/docs/index.html
Generating machine pages...
  -> /home/riichi/works/slot/docs/machine/sbj.html
  -> /home/riichi/works/slot/docs/machine/hokuto_tensei2.html
Generating ranking pages...
Local data is stale (1145 minutes old)
Local data is stale (1145 minutes old)
Local data is stale (1145 minutes old)
Local data is stale (1145 minutes old)
Local data is stale (1145 minutes old)
Local data is stale (1145 minutes old)
Local data is stale (1145 minutes old)
Local data is stale (1145 minutes old)
Local data is stale (1145 minutes old)
Local data is stale (1145 minutes old)
  -> /home/riichi/works/slot/docs/ranking/sbj.html
Local data is stale (1145 minutes old)
Local data is stale (1145 minutes old)
Local data is stale (1145 minutes old)
Local data is stale (1145 minutes old)
Local data is stale (1145 minutes old)
Local data is stale (1145 minutes old)
Local data is stale (1145 minutes old)
Local data is stale (1145 minutes old)
  -> /home/riichi/works/slot/docs/ranking/hokuto_tensei2.html
Generating recommend pages...
  Processing island_akihabara_sbj...
Local data is stale (1145 minutes old)
Local data is stale (1145 minutes old)
  Processing shibuya_espass_sbj...
Local data is stale (1145 minutes old)
Local data is stale (1145 minutes old)
  Processing shinjuku_espass_sbj...
Local data is stale (1145 minutes old)
Local data is stale (1145 minutes old)
  Processing seibu_shinjuku_espass_sbj...
Local data is stale (1145 minutes old)
Local data is stale (1145 minutes old)
  Processing akiba_espass_sbj...
Local data is stale (1145 minutes old)
Local data is stale (1145 minutes old)
  Processing shibuya_espass_hokuto...
Local data is stale (1145 minutes old)
Local data is stale (1145 minutes old)
  Processing shinjuku_espass_hokuto...
Local data is stale (1145 minutes old)
Local data is stale (1145 minutes old)
  Processing akiba_espass_hokuto...
Local data is stale (1145 minutes old)
Local data is stale (1145 minutes old)
  Processing island_akihabara_hokuto...
Local data is stale (1145 minutes old)
Local data is stale (1145 minutes old)
  -> /home/riichi/works/slot/docs/recommend/
Generating verify page...
  ãƒãƒƒã‚¯ãƒ†ã‚¹ãƒˆçµæžœã‚’ä½¿ç”¨: verify_20260127_results.json
  -> /home/riichi/works/slot/docs/verify.html (ãƒãƒƒã‚¯ãƒ†ã‚¹ãƒˆ: çš„ä¸­çŽ‡60%)
Generating history pages...
  -> /home/riichi/works/slot/docs/history/ (137 pages)
Copying static files...
  -> /home/riichi/works/slot/docs/static/
Generating metadata...
  -> /home/riichi/works/slot/docs/metadata.json

==================================================
é™çš„ã‚µã‚¤ãƒˆç”Ÿæˆå®Œäº†!
==================================================
[2026-01-28 18:03:17] é™çš„ã‚µã‚¤ãƒˆç”Ÿæˆå®Œäº†
[2026-01-28 18:03:18] å¤‰æ›´ã‚ã‚Šã€ãƒ‡ãƒ—ãƒ­ã‚¤ä¸­...
[main ade516a] auto: ãƒªã‚¢ãƒ«ã‚¿ã‚¤ãƒ æ›´æ–° 18:03
 12 files changed, 14 insertions(+), 14 deletions(-)
To github.com:kinoko-cloud/slot.git
   d9e8cc4..ade516a  main -> main
[2026-01-28 18:03:20] ãƒ‡ãƒ—ãƒ­ã‚¤å®Œäº†
[2026-01-28 18:03:20] === è‡ªå‹•æ›´æ–°å®Œäº† ===
[2026-01-28 18:15:03] === è‡ªå‹•æ›´æ–°é–‹å§‹ ===
[2026-01-28 18:15:03] ãƒ‡ãƒ¼ã‚¿å–å¾—ä¸­...
[2026-01-28 18:18:07] ãƒ‡ãƒ¼ã‚¿å–å¾—å¤±æ•—ï¼ˆã‚¿ã‚¤ãƒ ã‚¢ã‚¦ãƒˆã¾ãŸã¯ã‚¨ãƒ©ãƒ¼ï¼‰
[2026-01-28 18:18:07] é™çš„ã‚µã‚¤ãƒˆç”Ÿæˆä¸­...
node:events:486
      throw er; // Unhandled 'error' event
      ^

Error: write EPIPE
    at afterWriteDispatched (node:internal/stream_base_commons:159:15)
    at writeGeneric (node:internal/stream_base_commons:150:3)
    at Socket._writeGeneric (node:net:966:11)
    at Socket._write (node:net:978:8)
    at writeOrBuffer (node:internal/streams/writable:570:12)
    at _write (node:internal/streams/writable:499:10)
    at Writable.write (node:internal/streams/writable:508:10)
    at PipeTransport.send (/home/riichi/.local/lib/python3.12/site-packages/playwright/driver/package/lib/server/utils/pipeTransport.js:52:21)
    at dispatcherConnection.onmessage (/home/riichi/.local/lib/python3.12/site-packages/playwright/driver/package/lib/cli/driver.js:60:59)
    at DispatcherConnection.sendEvent (/home/riichi/.local/lib/python3.12/site-packages/playwright/driver/package/lib/server/dispatchers/dispatcher.js:180:10)
Emitted 'error' event on Socket instance at:
    at emitErrorNT (node:internal/streams/destroy:170:8)
    at emitErrorCloseNT (node:internal/streams/destroy:129:3)
    at process.processTicksAndRejections (node:internal/process/task_queues:89:21) {
  errno: -32,
  code: 'EPIPE',
  syscall: 'write'
}

Node.js v24.11.1
==================================================
é™çš„ã‚µã‚¤ãƒˆç”Ÿæˆé–‹å§‹
å‡ºåŠ›å…ˆ: /home/riichi/works/slot/docs
==================================================

Running unit verification...
âœ“ å°ç•ªå·ã®ç•°å¸¸ãªã—
Running data integrity check...

==================================================
ãƒ‡ãƒ¼ã‚¿æ•´åˆæ€§ãƒã‚§ãƒƒã‚¯: 1ä»¶ã®å•é¡Œ
  ðŸŸ¡ è­¦å‘Š: 1ä»¶
==================================================
ðŸŸ¡ [units_insufficient] è¥¿æ­¦æ–°å®¿é§…å‰ã‚¨ã‚¹ãƒ‘ã‚¹: å°æ•°ä¸è¶³ï¼ˆæœŸå¾…7å°ã€å®Ÿéš›3å°ï¼‰

  ðŸ“Š ãƒ‘ã‚¿ãƒ¼ãƒ³è¨˜éŒ²: island_akihabara_hokuto_tensei2 (182ä»¶)
  ðŸ“Š ãƒ‘ã‚¿ãƒ¼ãƒ³è¨˜éŒ²: shinjuku_espass_hokuto_tensei2 (56ä»¶)
  ðŸ“Š ãƒ‘ã‚¿ãƒ¼ãƒ³è¨˜éŒ²: akiba_espass_sbj (38ä»¶)
  ðŸ“Š ãƒ‘ã‚¿ãƒ¼ãƒ³è¨˜éŒ²: island_akihabara_sbj (182ä»¶)
  ðŸ“Š ãƒ‘ã‚¿ãƒ¼ãƒ³è¨˜éŒ²: shinjuku_espass_sbj (104ä»¶)
  ðŸ“Š ãƒ‘ã‚¿ãƒ¼ãƒ³è¨˜éŒ²: akiba_espass_hokuto_tensei2 (154ä»¶)
  ðŸ“Š ãƒ‘ã‚¿ãƒ¼ãƒ³è¨˜éŒ²: seibu_shinjuku_espass_sbj (21ä»¶)
  ðŸ“Š ãƒ‘ã‚¿ãƒ¼ãƒ³è¨˜éŒ²: shibuya_espass_sbj (27ä»¶)
  ðŸ“Š ãƒ‘ã‚¿ãƒ¼ãƒ³è¨˜éŒ²: shibuya_espass_hokuto_tensei2 (212ä»¶)

Generating index.html...
  verify ãƒ‡ãƒ¼ã‚¿èª­è¾¼: 5åº—èˆ—åˆ†
Using local data (fetched 12 minutes ago)
Using local data (fetched 12 minutes ago)
Using local data (fetched 12 minutes ago)
Using local data (fetched 12 minutes ago)
Using local data (fetched 12 minutes ago)
Using local data (fetched 12 minutes ago)
Using local data (fetched 12 minutes ago)
Using local data (fetched 12 minutes ago)
Using local data (fetched 12 minutes ago)
Using local data (fetched 12 minutes ago)
Using local data (fetched 12 minutes ago)
Using local data (fetched 12 minutes ago)
Using local data (fetched 12 minutes ago)
Using local data (fetched 12 minutes ago)
Using local data (fetched 12 minutes ago)
Using local data (fetched 12 minutes ago)
Using local data (fetched 12 minutes ago)
Using local data (fetched 12 minutes ago)
Using local data (fetched 12 minutes ago)
Using local data (fetched 12 minutes ago)
Using local data (fetched 12 minutes ago)
Using local data (fetched 12 minutes ago)
Using local data (fetched 12 minutes ago)
Using local data (fetched 12 minutes ago)
Using local data (fetched 12 minutes ago)
Using local data (fetched 12 minutes ago)
Using local data (fetched 12 minutes ago)
Using local data (fetched 12 minutes ago)
  -> /home/riichi/works/slot/docs/index.html
Generating machine pages...
  -> /home/riichi/works/slot/docs/machine/sbj.html
  -> /home/riichi/works/slot/docs/machine/hokuto_tensei2.html
Generating ranking pages...
Using local data (fetched 12 minutes ago)
Using local data (fetched 12 minutes ago)
Using local data (fetched 12 minutes ago)
Using local data (fetched 12 minutes ago)
Using local data (fetched 12 minutes ago)
Using local data (fetched 12 minutes ago)
Using local data (fetched 12 minutes ago)
Using local data (fetched 12 minutes ago)
Using local data (fetched 12 minutes ago)
Using local data (fetched 12 minutes ago)
  -> /home/riichi/works/slot/docs/ranking/sbj.html
Using local data (fetched 12 minutes ago)
Using local data (fetched 12 minutes ago)
Using local data (fetched 12 minutes ago)
Using local data (fetched 12 minutes ago)
Using local data (fetched 12 minutes ago)
Using local data (fetched 12 minutes ago)
Using local data (fetched 12 minutes ago)
Using local data (fetched 12 minutes ago)
  -> /home/riichi/works/slot/docs/ranking/hokuto_tensei2.html
Generating recommend pages...
  Processing island_akihabara_sbj...
Using local data (fetched 12 minutes ago)
Using local data (fetched 12 minutes ago)
  Processing shibuya_espass_sbj...
Using local data (fetched 12 minutes ago)
Using local data (fetched 12 minutes ago)
  Processing shinjuku_espass_sbj...
Using local data (fetched 12 minutes ago)
Using local data (fetched 12 minutes ago)
  Processing seibu_shinjuku_espass_sbj...
Using local data (fetched 12 minutes ago)
Using local data (fetched 12 minutes ago)
  Processing akiba_espass_sbj...
Using local data (fetched 12 minutes ago)
Using local data (fetched 12 minutes ago)
  Processing shibuya_espass_hokuto...
Using local data (fetched 12 minutes ago)
Using local data (fetched 12 minutes ago)
  Processing shinjuku_espass_hokuto...
Using local data (fetched 12 minutes ago)
Using local data (fetched 12 minutes ago)
  Processing akiba_espass_hokuto...
Using local data (fetched 12 minutes ago)
Using local data (fetched 12 minutes ago)
  Processing island_akihabara_hokuto...
Using local data (fetched 12 minutes ago)
Using local data (fetched 12 minutes ago)
  -> /home/riichi/works/slot/docs/recommend/
Generating verify page...
  ãƒãƒƒã‚¯ãƒ†ã‚¹ãƒˆçµæžœã‚’ä½¿ç”¨: verify_20260127_results.json
  -> /home/riichi/works/slot/docs/verify.html (ãƒãƒƒã‚¯ãƒ†ã‚¹ãƒˆ: çš„ä¸­çŽ‡60%)
Generating history pages...
  -> /home/riichi/works/slot/docs/history/ (137 pages)
Copying static files...
  -> /home/riichi/works/slot/docs/static/
Generating metadata...
  -> /home/riichi/works/slot/docs/metadata.json

==================================================
é™çš„ã‚µã‚¤ãƒˆç”Ÿæˆå®Œäº†!
==================================================
[2026-01-28 18:18:10] é™çš„ã‚µã‚¤ãƒˆç”Ÿæˆå®Œäº†
[2026-01-28 18:18:10] å¤‰æ›´ã‚ã‚Šã€ãƒ‡ãƒ—ãƒ­ã‚¤ä¸­...
[main 7ff42bd] auto: ãƒªã‚¢ãƒ«ã‚¿ã‚¤ãƒ æ›´æ–° 18:18
 14 files changed, 25 insertions(+), 7 deletions(-)
To github.com:kinoko-cloud/slot.git
   8958cfc..7ff42bd  main -> main
[2026-01-28 18:18:13] ãƒ‡ãƒ—ãƒ­ã‚¤å®Œäº†
[2026-01-28 18:18:13] === è‡ªå‹•æ›´æ–°å®Œäº† ===
[2026-01-28 18:30:01] === è‡ªå‹•æ›´æ–°é–‹å§‹ ===
[2026-01-28 18:30:01] ãƒ‡ãƒ¼ã‚¿å–å¾—ä¸­...
[2026-01-28 18:33:06] ãƒ‡ãƒ¼ã‚¿å–å¾—å¤±æ•—ï¼ˆã‚¿ã‚¤ãƒ ã‚¢ã‚¦ãƒˆã¾ãŸã¯ã‚¨ãƒ©ãƒ¼ï¼‰
[2026-01-28 18:33:06] é™çš„ã‚µã‚¤ãƒˆç”Ÿæˆä¸­...
==================================================
é™çš„ã‚µã‚¤ãƒˆç”Ÿæˆé–‹å§‹
å‡ºåŠ›å…ˆ: /home/riichi/works/slot/docs
==================================================

Running unit verification...
âœ“ å°ç•ªå·ã®ç•°å¸¸ãªã—
Running data integrity check...

==================================================
ãƒ‡ãƒ¼ã‚¿æ•´åˆæ€§ãƒã‚§ãƒƒã‚¯: 1ä»¶ã®å•é¡Œ
  ðŸŸ¡ è­¦å‘Š: 1ä»¶
==================================================
ðŸŸ¡ [units_insufficient] è¥¿æ­¦æ–°å®¿é§…å‰ã‚¨ã‚¹ãƒ‘ã‚¹: å°æ•°ä¸è¶³ï¼ˆæœŸå¾…7å°ã€å®Ÿéš›3å°ï¼‰

  ðŸ“Š ãƒ‘ã‚¿ãƒ¼ãƒ³è¨˜éŒ²: island_akihabara_hokuto_tensei2 (182ä»¶)
  ðŸ“Š ãƒ‘ã‚¿ãƒ¼ãƒ³è¨˜éŒ²: shinjuku_espass_hokuto_tensei2 (56ä»¶)
  ðŸ“Š ãƒ‘ã‚¿ãƒ¼ãƒ³è¨˜éŒ²: akiba_espass_sbj (38ä»¶)
  ðŸ“Š ãƒ‘ã‚¿ãƒ¼ãƒ³è¨˜éŒ²: island_akihabara_sbj (182ä»¶)
  ðŸ“Š ãƒ‘ã‚¿ãƒ¼ãƒ³è¨˜éŒ²: shinjuku_espass_sbj (104ä»¶)
  ðŸ“Š ãƒ‘ã‚¿ãƒ¼ãƒ³è¨˜éŒ²: akiba_espass_hokuto_tensei2 (154ä»¶)
  ðŸ“Š ãƒ‘ã‚¿ãƒ¼ãƒ³è¨˜éŒ²: seibu_shinjuku_espass_sbj (21ä»¶)
  ðŸ“Š ãƒ‘ã‚¿ãƒ¼ãƒ³è¨˜éŒ²: shibuya_espass_sbj (27ä»¶)
  ðŸ“Š ãƒ‘ã‚¿ãƒ¼ãƒ³è¨˜éŒ²: shibuya_espass_hokuto_tensei2 (212ä»¶)

Generating index.html...
  verify ãƒ‡ãƒ¼ã‚¿èª­è¾¼: 5åº—èˆ—åˆ†
Using local data (fetched 27 minutes ago)
Using local data (fetched 27 minutes ago)
Using local data (fetched 27 minutes ago)
Using local data (fetched 27 minutes ago)
Using local data (fetched 27 minutes ago)
Using local data (fetched 27 minutes ago)
Using local data (fetched 27 minutes ago)
Using local data (fetched 27 minutes ago)
Using local data (fetched 27 minutes ago)
Using local data (fetched 27 minutes ago)
Using local data (fetched 27 minutes ago)
Using local data (fetched 27 minutes ago)
Using local data (fetched 27 minutes ago)
Using local data (fetched 27 minutes ago)
Using local data (fetched 27 minutes ago)
Using local data (fetched 27 minutes ago)
Using local data (fetched 27 minutes ago)
Using local data (fetched 27 minutes ago)
Using local data (fetched 27 minutes ago)
Using local data (fetched 27 minutes ago)
Using local data (fetched 27 minutes ago)
Using local data (fetched 27 minutes ago)
Using local data (fetched 27 minutes ago)
Using local data (fetched 27 minutes ago)
Using local data (fetched 27 minutes ago)
Using local data (fetched 27 minutes ago)
Using local data (fetched 27 minutes ago)
Using local data (fetched 27 minutes ago)
  -> /home/riichi/works/slot/docs/index.html
Generating machine pages...
  -> /home/riichi/works/slot/docs/machine/sbj.html
  -> /home/riichi/works/slot/docs/machine/hokuto_tensei2.html
Generating ranking pages...
Using local data (fetched 27 minutes ago)
Using local data (fetched 27 minutes ago)
Using local data (fetched 27 minutes ago)
Using local data (fetched 27 minutes ago)
Using local data (fetched 27 minutes ago)
Using local data (fetched 27 minutes ago)
Using local data (fetched 27 minutes ago)
Using local data (fetched 27 minutes ago)
Using local data (fetched 27 minutes ago)
Using local data (fetched 27 minutes ago)
  -> /home/riichi/works/slot/docs/ranking/sbj.html
Using local data (fetched 27 minutes ago)
Using local data (fetched 27 minutes ago)
Using local data (fetched 27 minutes ago)
Using local data (fetched 27 minutes ago)
Using local data (fetched 27 minutes ago)
Using local data (fetched 27 minutes ago)
Using local data (fetched 27 minutes ago)
Using local data (fetched 27 minutes ago)
  -> /home/riichi/works/slot/docs/ranking/hokuto_tensei2.html
Generating recommend pages...
  Processing island_akihabara_sbj...
Using local data (fetched 27 minutes ago)
Using local data (fetched 27 minutes ago)
  Processing shibuya_espass_sbj...
Using local data (fetched 27 minutes ago)
Using local data (fetched 27 minutes ago)
  Processing shinjuku_espass_sbj...
Using local data (fetched 27 minutes ago)
Using local data (fetched 27 minutes ago)
  Processing seibu_shinjuku_espass_sbj...
Using local data (fetched 27 minutes ago)
Using local data (fetched 27 minutes ago)
  Processing akiba_espass_sbj...
Using local data (fetched 27 minutes ago)
Using local data (fetched 27 minutes ago)
  Processing shibuya_espass_hokuto...
Using local data (fetched 27 minutes ago)
Using local data (fetched 27 minutes ago)
  Processing shinjuku_espass_hokuto...
Using local data (fetched 27 minutes ago)
Using local data (fetched 27 minutes ago)
  Processing akiba_espass_hokuto...
Using local data (fetched 27 minutes ago)
Using local data (fetched 27 minutes ago)
  Processing island_akihabara_hokuto...
Using local data (fetched 27 minutes ago)
Using local data (fetched 27 minutes ago)
  -> /home/riichi/works/slot/docs/recommend/
Generating verify page...
  ãƒãƒƒã‚¯ãƒ†ã‚¹ãƒˆçµæžœã‚’ä½¿ç”¨: verify_20260127_results.json
  -> /home/riichi/works/slot/docs/verify.html (ãƒãƒƒã‚¯ãƒ†ã‚¹ãƒˆ: çš„ä¸­çŽ‡60%)
Generating history pages...
  -> /home/riichi/works/slot/docs/history/ (137 pages)
Copying static files...
  -> /home/riichi/works/slot/docs/static/
Generating metadata...
  -> /home/riichi/works/slot/docs/metadata.json

==================================================
é™çš„ã‚µã‚¤ãƒˆç”Ÿæˆå®Œäº†!
==================================================
[2026-01-28 18:33:09] é™çš„ã‚µã‚¤ãƒˆç”Ÿæˆå®Œäº†
[2026-01-28 18:33:09] å¤‰æ›´ã‚ã‚Šã€ãƒ‡ãƒ—ãƒ­ã‚¤ä¸­...
[main 0e7e8b6] auto: ãƒªã‚¢ãƒ«ã‚¿ã‚¤ãƒ æ›´æ–° 18:33
 14 files changed, 16 insertions(+), 16 deletions(-)
To github.com:kinoko-cloud/slot.git
   7e9939f..0e7e8b6  main -> main
[2026-01-28 18:33:12] ãƒ‡ãƒ—ãƒ­ã‚¤å®Œäº†
[2026-01-28 18:33:12] === è‡ªå‹•æ›´æ–°å®Œäº† ===
