============================================================
デイリーデータ収集 - 2026-01-29 13:41
対象機種: sbj, hokuto_tensei2
============================================================

【渋谷エスパス新館 - Lスーパーブラックジャック】
  台3011...
======================================================================
台3011（渋谷エスパス新館）全履歴取得
======================================================================

アクセス: https://daidata.goraggio.com/100860/detail?unit=3011
機種: Lｽｰﾊﾟｰﾌﾞﾗｯｸｼﾞｬｯｸ
概要データ: 7日分

【詳細を見るリンクを探す】
詳細リンク数: 7
  - https://daidata.goraggio.com/100860/detail?unit=3011&target_date=2026-01-28
  - https://daidata.goraggio.com/100860/detail?unit=3011&target_date=2026-01-27
  - https://daidata.goraggio.com/100860/detail?unit=3011&target_date=2026-01-26
  - https://daidata.goraggio.com/100860/detail?unit=3011&target_date=2026-01-25
  - https://daidata.goraggio.com/100860/detail?unit=3011&target_date=2026-01-24
  - https://daidata.goraggio.com/100860/detail?unit=3011&target_date=2026-01-23
  - https://daidata.goraggio.com/100860/detail?unit=3011&target_date=2026-01-22

【1/7】https://daidata.goraggio.com/100860/detail?unit=3011&target_date=2026-01-28
  日付: 2026-01-28 最大持玉=604
  サマリー: BB=0, RB=2, ART=23
  履歴件数: 25
    {'hit_num': 0, 'start': 22, 'medals': 152, 'type': 'ART', 'time': '21:18'}
    {'hit_num': 0, 'start': 1011, 'medals': 90, 'type': 'ART', 'time': '21:15'}
    {'hit_num': 0, 'start': 5, 'medals': 143, 'type': 'ART', 'time': '19:25'}

【2/7】https://daidata.goraggio.com/100860/detail?unit=3011&target_date=2026-01-27
  日付: 2026-01-27 最大持玉=6422
  サマリー: BB=0, RB=14, ART=71
  履歴件数: 85
    {'hit_num': 0, 'start': 4, 'medals': 35, 'type': 'ART', 'time': '21:51'}
    {'hit_num': 0, 'start': 12, 'medals': 43, 'type': 'ART', 'time': '21:49'}
    {'hit_num': 0, 'start': 32, 'medals': 46, 'type': 'ART', 'time': '21:47'}

【3/7】https://daidata.goraggio.com/100860/detail?unit=3011&target_date=2026-01-26
  日付: 2026-01-26 最大持玉=359
  サマリー: BB=0, RB=0, ART=2
  履歴件数: 2
    {'hit_num': 0, 'start': 7, 'medals': 140, 'type': 'ART', 'time': '16:49'}
    {'hit_num': 0, 'start': 252, 'medals': 224, 'type': 'ART', 'time': '16:45'}

【4/7】https://daidata.goraggio.com/100860/detail?unit=3011&target_date=2026-01-25
  日付: 2026-01-25 最大持玉=1041
  サマリー: BB=0, RB=2, ART=9
  履歴件数: 11
    {'hit_num': 0, 'start': 1, 'medals': 215, 'type': 'ART', 'time': '13:55'}
    {'hit_num': 0, 'start': 1, 'medals': 21, 'type': 'ART', 'time': '13:51'}
    {'hit_num': 0, 'start': 11, 'medals': 279, 'type': 'ART', 'time': '13:46'}

【5/7】https://daidata.goraggio.com/100860/detail?unit=3011&target_date=2026-01-24
  日付: 2026-01-24 最大持玉=1263
  サマリー: BB=0, RB=6, ART=33
  履歴件数: 39
    {'hit_num': 0, 'start': 17, 'medals': 147, 'type': 'ART', 'time': '22:05'}
    {'hit_num': 0, 'start': 23, 'medals': 137, 'type': 'ART', 'time': '22:01'}
    {'hit_num': 0, 'start': 2, 'medals': 39, 'type': 'ART', 'time': '21:58'}

【6/7】https://daidata.goraggio.com/100860/detail?unit=3011&target_date=2026-01-23
  日付: 2026-01-23 最大持玉=505
  サマリー: BB=0, RB=3, ART=15
  履歴件数: 18
    {'hit_num': 0, 'start': 21, 'medals': 222, 'type': 'ART', 'time': '21:16'}
    {'hit_num': 0, 'start': 15, 'medals': 213, 'type': 'ART', 'time': '21:11'}
    {'hit_num': 0, 'start': 102, 'medals': 81, 'type': 'ART', 'time': '21:09'}

【7/7】https://daidata.goraggio.com/100860/detail?unit=3011&target_date=2026-01-22
  日付: 2026-01-22 最大持玉=5648
  サマリー: BB=0, RB=7, ART=99
  履歴件数: 106
    {'hit_num': 0, 'start': 4, 'medals': 293, 'type': 'ART', 'time': '22:03'}
    {'hit_num': 0, 'start': 20, 'medals': 150, 'type': 'ART', 'time': '22:00'}
    {'hit_num': 0, 'start': 6, 'medals': 215, 'type': 'ART', 'time': '21:55'}

✓ 保存: data/raw/sbj_3011_history_20260129_1341.json
  台3012...
======================================================================
台3012（渋谷エスパス新館）全履歴取得
======================================================================

アクセス: https://daidata.goraggio.com/100860/detail?unit=3012
機種: Lｽｰﾊﾟｰﾌﾞﾗｯｸｼﾞｬｯｸ
概要データ: 7日分

【詳細を見るリンクを探す】
詳細リンク数: 7
  - https://daidata.goraggio.com/100860/detail?unit=3012&target_date=2026-01-28
  - https://daidata.goraggio.com/100860/detail?unit=3012&target_date=2026-01-27
  - https://daidata.goraggio.com/100860/detail?unit=3012&target_date=2026-01-26
  - https://daidata.goraggio.com/100860/detail?unit=3012&target_date=2026-01-25
  - https://daidata.goraggio.com/100860/detail?unit=3012&target_date=2026-01-24
  - https://daidata.goraggio.com/100860/detail?unit=3012&target_date=2026-01-23
  - https://daidata.goraggio.com/100860/detail?unit=3012&target_date=2026-01-22

【1/7】https://daidata.goraggio.com/100860/detail?unit=3012&target_date=2026-01-28
  日付: 2026-01-28 最大持玉=1626
  サマリー: BB=0, RB=2, ART=15
  履歴件数: 17
    {'hit_num': 0, 'start': 102, 'medals': 51, 'type': 'RB', 'time': '19:18'}
    {'hit_num': 0, 'start': 24, 'medals': 132, 'type': 'ART', 'time': '19:07'}
    {'hit_num': 0, 'start': 33, 'medals': 157, 'type': 'ART', 'time': '19:01'}

【2/7】https://daidata.goraggio.com/100860/detail?unit=3012&target_date=2026-01-27
  日付: 2026-01-27 最大持玉=1515
  サマリー: BB=0, RB=10, ART=46
  履歴件数: 56
    {'hit_num': 0, 'start': 32, 'medals': 222, 'type': 'ART', 'time': '20:01'}
    {'hit_num': 0, 'start': 17, 'medals': 43, 'type': 'ART', 'time': '19:58'}
    {'hit_num': 0, 'start': 2, 'medals': 145, 'type': 'ART', 'time': '19:54'}

【3/7】https://daidata.goraggio.com/100860/detail?unit=3012&target_date=2026-01-26
  日付: 2026-01-26 最大持玉=7648
  サマリー: BB=0, RB=4, ART=72
  履歴件数: 75
    {'hit_num': 0, 'start': 89, 'medals': 83, 'type': 'ART', 'time': '20:55'}
    {'hit_num': 0, 'start': 258, 'medals': 51, 'type': 'RB', 'time': '20:47'}
    {'hit_num': 0, 'start': 50, 'medals': 49, 'type': 'RB', 'time': '20:28'}

【4/7】https://daidata.goraggio.com/100860/detail?unit=3012&target_date=2026-01-25
  日付: 2026-01-25 最大持玉=945
  サマリー: BB=0, RB=0, ART=16
  履歴件数: 16
    {'hit_num': 0, 'start': 13, 'medals': 273, 'type': 'ART', 'time': '14:51'}
    {'hit_num': 0, 'start': 14, 'medals': 152, 'type': 'ART', 'time': '14:47'}
    {'hit_num': 0, 'start': 15, 'medals': 35, 'type': 'ART', 'time': '14:44'}

【5/7】https://daidata.goraggio.com/100860/detail?unit=3012&target_date=2026-01-24
  日付: 2026-01-24 最大持玉=3819
  サマリー: BB=0, RB=3, ART=43
  履歴件数: 46
    {'hit_num': 0, 'start': 6, 'medals': 41, 'type': 'ART', 'time': '20:28'}
    {'hit_num': 0, 'start': 18, 'medals': 43, 'type': 'ART', 'time': '20:27'}
    {'hit_num': 0, 'start': 12, 'medals': 139, 'type': 'ART', 'time': '20:23'}

【6/7】https://daidata.goraggio.com/100860/detail?unit=3012&target_date=2026-01-23
  日付: 2026-01-23 最大持玉=1242
  サマリー: BB=0, RB=3, ART=34
  履歴件数: 37
    {'hit_num': 0, 'start': 24, 'medals': 219, 'type': 'ART', 'time': '21:08'}
    {'hit_num': 0, 'start': 5, 'medals': 215, 'type': 'ART', 'time': '21:01'}
    {'hit_num': 0, 'start': 75, 'medals': 81, 'type': 'ART', 'time': '20:59'}

【7/7】https://daidata.goraggio.com/100860/detail?unit=3012&target_date=2026-01-22
  日付: 2026-01-22 最大持玉=2203
  サマリー: BB=0, RB=4, ART=50
  履歴件数: 54
    {'hit_num': 0, 'start': 3, 'medals': 217, 'type': 'ART', 'time': '19:53'}
    {'hit_num': 0, 'start': 20, 'medals': 33, 'type': 'ART', 'time': '19:51'}
    {'hit_num': 0, 'start': 2, 'medals': 33, 'type': 'ART', 'time': '19:49'}

✓ 保存: data/raw/sbj_3012_history_20260129_1342.json
  台3013...
======================================================================
台3013（渋谷エスパス新館）全履歴取得
======================================================================

アクセス: https://daidata.goraggio.com/100860/detail?unit=3013
機種: Lｽｰﾊﾟｰﾌﾞﾗｯｸｼﾞｬｯｸ
概要データ: 7日分

【詳細を見るリンクを探す】
詳細リンク数: 7
  - https://daidata.goraggio.com/100860/detail?unit=3013&target_date=2026-01-28
  - https://daidata.goraggio.com/100860/detail?unit=3013&target_date=2026-01-27
  - https://daidata.goraggio.com/100860/detail?unit=3013&target_date=2026-01-26
  - https://daidata.goraggio.com/100860/detail?unit=3013&target_date=2026-01-25
  - https://daidata.goraggio.com/100860/detail?unit=3013&target_date=2026-01-24
  - https://daidata.goraggio.com/100860/detail?unit=3013&target_date=2026-01-23
  - https://daidata.goraggio.com/100860/detail?unit=3013&target_date=2026-01-22

【1/7】https://daidata.goraggio.com/100860/detail?unit=3013&target_date=2026-01-28
  日付: 2026-01-28 最大持玉=2627
  サマリー: BB=0, RB=10, ART=55
  履歴件数: 65
    {'hit_num': 0, 'start': 24, 'medals': 45, 'type': 'ART', 'time': '22:24'}
    {'hit_num': 0, 'start': 2, 'medals': 215, 'type': 'ART', 'time': '22:19'}
    {'hit_num': 0, 'start': 1, 'medals': 159, 'type': 'ART', 'time': '22:15'}

【2/7】https://daidata.goraggio.com/100860/detail?unit=3013&target_date=2026-01-27
  日付: 2026-01-27 最大持玉=845
  サマリー: BB=0, RB=5, ART=31
  履歴件数: 36
    {'hit_num': 0, 'start': 21, 'medals': 41, 'type': 'ART', 'time': '20:31'}
    {'hit_num': 0, 'start': 2, 'medals': 31, 'type': 'ART', 'time': '20:28'}
    {'hit_num': 0, 'start': 1, 'medals': 21, 'type': 'ART', 'time': '20:24'}

【3/7】https://daidata.goraggio.com/100860/detail?unit=3013&target_date=2026-01-26
  日付: 2026-01-26 最大持玉=268
  サマリー: BB=0, RB=3, ART=8
  履歴件数: 11
    {'hit_num': 0, 'start': 28, 'medals': 143, 'type': 'ART', 'time': '18:10'}
    {'hit_num': 0, 'start': 16, 'medals': 81, 'type': 'ART', 'time': '18:07'}
    {'hit_num': 0, 'start': 500, 'medals': 51, 'type': 'RB', 'time': '18:05'}

【4/7】https://daidata.goraggio.com/100860/detail?unit=3013&target_date=2026-01-25
  日付: 2026-01-25 最大持玉=2446
  サマリー: BB=0, RB=6, ART=50
  履歴件数: 56
    {'hit_num': 0, 'start': 6, 'medals': 156, 'type': 'ART', 'time': '20:44'}
    {'hit_num': 0, 'start': 4, 'medals': 35, 'type': 'ART', 'time': '20:42'}
    {'hit_num': 0, 'start': 15, 'medals': 145, 'type': 'ART', 'time': '20:39'}

【5/7】https://daidata.goraggio.com/100860/detail?unit=3013&target_date=2026-01-24
  日付: 2026-01-24 最大持玉=1619
  サマリー: BB=0, RB=2, ART=27
  履歴件数: 29
    {'hit_num': 0, 'start': 12, 'medals': 150, 'type': 'ART', 'time': '13:48'}
    {'hit_num': 0, 'start': 6, 'medals': 41, 'type': 'ART', 'time': '13:46'}
    {'hit_num': 0, 'start': 14, 'medals': 41, 'type': 'ART', 'time': '13:45'}

【6/7】https://daidata.goraggio.com/100860/detail?unit=3013&target_date=2026-01-23
  日付: 2026-01-23 最大持玉=1147
  サマリー: BB=0, RB=1, ART=8
  履歴件数: 9
    {'hit_num': 0, 'start': 137, 'medals': 49, 'type': 'RB', 'time': '21:46'}
    {'hit_num': 0, 'start': 2, 'medals': 145, 'type': 'ART', 'time': '21:34'}
    {'hit_num': 0, 'start': 1, 'medals': 217, 'type': 'ART', 'time': '21:29'}

【7/7】https://daidata.goraggio.com/100860/detail?unit=3013&target_date=2026-01-22
  日付: 2026-01-22 最大持玉=8952
  サマリー: BB=0, RB=11, ART=83
  履歴件数: 94
    {'hit_num': 0, 'start': 22, 'medals': 149, 'type': 'ART', 'time': '21:09'}
    {'hit_num': 0, 'start': 7, 'medals': 31, 'type': 'ART', 'time': '21:06'}
    {'hit_num': 0, 'start': 477, 'medals': 81, 'type': 'ART', 'time': '21:05'}

✓ 保存: data/raw/sbj_3013_history_20260129_1342.json
  ✓ 3台取得

【渋谷エスパス新館 - L北斗の拳 転生の章2】
  台2046...
======================================================================
台2046（渋谷エスパス新館）全履歴取得
======================================================================

アクセス: https://daidata.goraggio.com/100860/detail?unit=2046
概要データ: 7日分

【詳細を見るリンクを探す】
詳細リンク数: 7
  - https://daidata.goraggio.com/100860/detail?unit=2046&target_date=2026-01-28
  - https://daidata.goraggio.com/100860/detail?unit=2046&target_date=2026-01-27
  - https://daidata.goraggio.com/100860/detail?unit=2046&target_date=2026-01-26
  - https://daidata.goraggio.com/100860/detail?unit=2046&target_date=2026-01-25
  - https://daidata.goraggio.com/100860/detail?unit=2046&target_date=2026-01-24
  - https://daidata.goraggio.com/100860/detail?unit=2046&target_date=2026-01-23
  - https://daidata.goraggio.com/100860/detail?unit=2046&target_date=2026-01-22

【1/7】https://daidata.goraggio.com/100860/detail?unit=2046&target_date=2026-01-28
  日付: 2026-01-28 最大持玉=916
  サマリー: BB=0, RB=14, ART=38
  履歴件数: 52
    {'hit_num': 0, 'start': 0, 'medals': 158, 'type': 'ART', 'time': '21:27'}
    {'hit_num': 0, 'start': 0, 'medals': 182, 'type': 'ART', 'time': '21:24'}
    {'hit_num': 0, 'start': 0, 'medals': 122, 'type': 'ART', 'time': '21:21'}

【2/7】https://daidata.goraggio.com/100860/detail?unit=2046&target_date=2026-01-27
  日付: 2026-01-27 最大持玉=2574
  サマリー: BB=0, RB=23, ART=71
  履歴件数: 94
    {'hit_num': 0, 'start': 1, 'medals': 162, 'type': 'ART', 'time': '22:26'}
    {'hit_num': 0, 'start': 174, 'medals': 10, 'type': 'RB', 'time': '22:26'}
    {'hit_num': 0, 'start': 0, 'medals': 151, 'type': 'ART', 'time': '22:11'}

【3/7】https://daidata.goraggio.com/100860/detail?unit=2046&target_date=2026-01-26
  日付: 2026-01-26 最大持玉=1520
  サマリー: BB=0, RB=11, ART=46
  履歴件数: 57
    {'hit_num': 0, 'start': 1, 'medals': 212, 'type': 'ART', 'time': '20:21'}
    {'hit_num': 0, 'start': 231, 'medals': 10, 'type': 'RB', 'time': '20:21'}
    {'hit_num': 0, 'start': 0, 'medals': 135, 'type': 'ART', 'time': '20:02'}

【4/7】https://daidata.goraggio.com/100860/detail?unit=2046&target_date=2026-01-25
  日付: 2026-01-25 最大持玉=2112
  サマリー: BB=0, RB=20, ART=79
  履歴件数: 99
    {'hit_num': 0, 'start': 0, 'medals': 194, 'type': 'ART', 'time': '20:59'}
    {'hit_num': 0, 'start': 0, 'medals': 135, 'type': 'ART', 'time': '20:56'}
    {'hit_num': 0, 'start': 0, 'medals': 105, 'type': 'ART', 'time': '20:54'}

【5/7】https://daidata.goraggio.com/100860/detail?unit=2046&target_date=2026-01-24
  日付: 2026-01-24 最大持玉=8558
  サマリー: BB=0, RB=18, ART=80
  履歴件数: 98
    {'hit_num': 0, 'start': 1, 'medals': 136, 'type': 'ART', 'time': '21:34'}
    {'hit_num': 0, 'start': 71, 'medals': 2, 'type': 'RB', 'time': '21:34'}
    {'hit_num': 0, 'start': 0, 'medals': 170, 'type': 'ART', 'time': '20:07'}

【6/7】https://daidata.goraggio.com/100860/detail?unit=2046&target_date=2026-01-23
  日付: 2026-01-23 最大持玉=9795
  サマリー: BB=0, RB=8, ART=81
  履歴件数: 89
    {'hit_num': 0, 'start': 0, 'medals': 159, 'type': 'ART', 'time': '20:42'}
    {'hit_num': 0, 'start': 1, 'medals': 133, 'type': 'ART', 'time': '20:40'}
    {'hit_num': 0, 'start': 951, 'medals': 10, 'type': 'RB', 'time': '20:39'}

【7/7】https://daidata.goraggio.com/100860/detail?unit=2046&target_date=2026-01-22
  日付: 2026-01-22 最大持玉=1602
  サマリー: BB=0, RB=17, ART=52
  履歴件数: 69
    {'hit_num': 0, 'start': 0, 'medals': 136, 'type': 'ART', 'time': '22:16'}
    {'hit_num': 0, 'start': 0, 'medals': 153, 'type': 'ART', 'time': '22:14'}
    {'hit_num': 0, 'start': 1, 'medals': 165, 'type': 'ART', 'time': '22:11'}

✓ 保存: data/raw/sbj_2046_history_20260129_1343.json
  台2047...
======================================================================
台2047（渋谷エスパス新館）全履歴取得
======================================================================

アクセス: https://daidata.goraggio.com/100860/detail?unit=2047
概要データ: 7日分

【詳細を見るリンクを探す】
詳細リンク数: 7
  - https://daidata.goraggio.com/100860/detail?unit=2047&target_date=2026-01-28
  - https://daidata.goraggio.com/100860/detail?unit=2047&target_date=2026-01-27
  - https://daidata.goraggio.com/100860/detail?unit=2047&target_date=2026-01-26
  - https://daidata.goraggio.com/100860/detail?unit=2047&target_date=2026-01-25
  - https://daidata.goraggio.com/100860/detail?unit=2047&target_date=2026-01-24
  - https://daidata.goraggio.com/100860/detail?unit=2047&target_date=2026-01-23
  - https://daidata.goraggio.com/100860/detail?unit=2047&target_date=2026-01-22

【1/7】https://daidata.goraggio.com/100860/detail?unit=2047&target_date=2026-01-28
  日付: 2026-01-28 最大持玉=905
  サマリー: BB=0, RB=15, ART=42
  履歴件数: 57
    {'hit_num': 0, 'start': 0, 'medals': 153, 'type': 'ART', 'time': '21:49'}
    {'hit_num': 0, 'start': 0, 'medals': 110, 'type': 'ART', 'time': '21:47'}
    {'hit_num': 0, 'start': 101, 'medals': 0, 'type': 'RB', 'time': '21:47'}

【2/7】https://daidata.goraggio.com/100860/detail?unit=2047&target_date=2026-01-27
  日付: 2026-01-27 最大持玉=2025
  サマリー: BB=0, RB=22, ART=62
  履歴件数: 84
    {'hit_num': 0, 'start': 0, 'medals': 169, 'type': 'ART', 'time': '22:08'}
    {'hit_num': 0, 'start': 0, 'medals': 139, 'type': 'ART', 'time': '22:06'}
    {'hit_num': 0, 'start': 0, 'medals': 137, 'type': 'ART', 'time': '22:03'}

【3/7】https://daidata.goraggio.com/100860/detail?unit=2047&target_date=2026-01-26
  日付: 2026-01-26 最大持玉=4218
  サマリー: BB=0, RB=12, ART=57
  履歴件数: 69
    {'hit_num': 0, 'start': 1, 'medals': 161, 'type': 'ART', 'time': '21:45'}
    {'hit_num': 0, 'start': 235, 'medals': 10, 'type': 'RB', 'time': '21:45'}
    {'hit_num': 0, 'start': 0, 'medals': 169, 'type': 'ART', 'time': '21:19'}

【4/7】https://daidata.goraggio.com/100860/detail?unit=2047&target_date=2026-01-25
  日付: 2026-01-25 最大持玉=6337
  サマリー: BB=0, RB=16, ART=74
  履歴件数: 90
    {'hit_num': 0, 'start': 0, 'medals': 202, 'type': 'ART', 'time': '20:50'}
    {'hit_num': 0, 'start': 1, 'medals': 173, 'type': 'ART', 'time': '20:47'}
    {'hit_num': 0, 'start': 917, 'medals': 10, 'type': 'RB', 'time': '20:47'}

【5/7】https://daidata.goraggio.com/100860/detail?unit=2047&target_date=2026-01-24
  日付: 2026-01-24 最大持玉=1671
  サマリー: BB=0, RB=14, ART=47
  履歴件数: 61
    {'hit_num': 0, 'start': 0, 'medals': 142, 'type': 'ART', 'time': '20:11'}
    {'hit_num': 0, 'start': 1, 'medals': 171, 'type': 'ART', 'time': '20:09'}
    {'hit_num': 0, 'start': 443, 'medals': 2, 'type': 'RB', 'time': '20:08'}

【6/7】https://daidata.goraggio.com/100860/detail?unit=2047&target_date=2026-01-23
  日付: 2026-01-23 最大持玉=6731
  サマリー: BB=0, RB=14, ART=73
  履歴件数: 87
    {'hit_num': 0, 'start': 0, 'medals': 150, 'type': 'ART', 'time': '21:50'}
    {'hit_num': 0, 'start': 0, 'medals': 105, 'type': 'ART', 'time': '21:47'}
    {'hit_num': 0, 'start': 1, 'medals': 139, 'type': 'ART', 'time': '21:45'}

【7/7】https://daidata.goraggio.com/100860/detail?unit=2047&target_date=2026-01-22
  日付: 2026-01-22 最大持玉=9823
  サマリー: BB=0, RB=22, ART=94
  履歴件数: 116
    {'hit_num': 0, 'start': 0, 'medals': 164, 'type': 'ART', 'time': '22:11'}
    {'hit_num': 0, 'start': 0, 'medals': 174, 'type': 'ART', 'time': '22:09'}
    {'hit_num': 0, 'start': 1, 'medals': 156, 'type': 'ART', 'time': '22:06'}

✓ 保存: data/raw/sbj_2047_history_20260129_1343.json
  台2048...
======================================================================
台2048（渋谷エスパス新館）全履歴取得
======================================================================

アクセス: https://daidata.goraggio.com/100860/detail?unit=2048
概要データ: 7日分

【詳細を見るリンクを探す】
詳細リンク数: 7
  - https://daidata.goraggio.com/100860/detail?unit=2048&target_date=2026-01-28
  - https://daidata.goraggio.com/100860/detail?unit=2048&target_date=2026-01-27
  - https://daidata.goraggio.com/100860/detail?unit=2048&target_date=2026-01-26
  - https://daidata.goraggio.com/100860/detail?unit=2048&target_date=2026-01-25
  - https://daidata.goraggio.com/100860/detail?unit=2048&target_date=2026-01-24
  - https://daidata.goraggio.com/100860/detail?unit=2048&target_date=2026-01-23
  - https://daidata.goraggio.com/100860/detail?unit=2048&target_date=2026-01-22

【1/7】https://daidata.goraggio.com/100860/detail?unit=2048&target_date=2026-01-28
  日付: 2026-01-28 最大持玉=3294
  サマリー: BB=0, RB=19, ART=63
  履歴件数: 82
    {'hit_num': 0, 'start': 0, 'medals': 160, 'type': 'ART', 'time': '21:43'}
    {'hit_num': 0, 'start': 0, 'medals': 116, 'type': 'ART', 'time': '21:41'}
    {'hit_num': 0, 'start': 1, 'medals': 188, 'type': 'ART', 'time': '21:39'}

【2/7】https://daidata.goraggio.com/100860/detail?unit=2048&target_date=2026-01-27
  日付: 2026-01-27 最大持玉=1608
  サマリー: BB=0, RB=18, ART=58
  履歴件数: 76
    {'hit_num': 0, 'start': 0, 'medals': 158, 'type': 'ART', 'time': '20:43'}
    {'hit_num': 0, 'start': 1, 'medals': 115, 'type': 'ART', 'time': '20:41'}
    {'hit_num': 0, 'start': 730, 'medals': 10, 'type': 'RB', 'time': '20:41'}

【3/7】https://daidata.goraggio.com/100860/detail?unit=2048&target_date=2026-01-26
  日付: 2026-01-26 最大持玉=5677
  サマリー: BB=0, RB=8, ART=46
  履歴件数: 54
    {'hit_num': 0, 'start': 1, 'medals': 127, 'type': 'ART', 'time': '19:42'}
    {'hit_num': 0, 'start': 269, 'medals': 1, 'type': 'RB', 'time': '19:42'}
    {'hit_num': 0, 'start': 0, 'medals': 193, 'type': 'ART', 'time': '19:09'}

【4/7】https://daidata.goraggio.com/100860/detail?unit=2048&target_date=2026-01-25
  日付: 2026-01-25 最大持玉=1446
  サマリー: BB=0, RB=11, ART=39
  履歴件数: 50
    {'hit_num': 0, 'start': 0, 'medals': 168, 'type': 'ART', 'time': '17:53'}
    {'hit_num': 0, 'start': 0, 'medals': 114, 'type': 'ART', 'time': '17:51'}
    {'hit_num': 0, 'start': 0, 'medals': 115, 'type': 'ART', 'time': '17:48'}

【5/7】https://daidata.goraggio.com/100860/detail?unit=2048&target_date=2026-01-24
  日付: 2026-01-24 最大持玉=1840
  サマリー: BB=0, RB=17, ART=56
  履歴件数: 73
    {'hit_num': 0, 'start': 0, 'medals': 139, 'type': 'ART', 'time': '20:58'}
    {'hit_num': 0, 'start': 1, 'medals': 141, 'type': 'ART', 'time': '20:55'}
    {'hit_num': 0, 'start': 0, 'medals': 141, 'type': 'ART', 'time': '20:53'}

【6/7】https://daidata.goraggio.com/100860/detail?unit=2048&target_date=2026-01-23
  日付: 2026-01-23 最大持玉=3167
  サマリー: BB=0, RB=18, ART=71
  履歴件数: 89
    {'hit_num': 0, 'start': 1, 'medals': 135, 'type': 'ART', 'time': '21:56'}
    {'hit_num': 0, 'start': 75, 'medals': 10, 'type': 'RB', 'time': '21:55'}
    {'hit_num': 0, 'start': 0, 'medals': 206, 'type': 'ART', 'time': '21:48'}

【7/7】https://daidata.goraggio.com/100860/detail?unit=2048&target_date=2026-01-22
  日付: 2026-01-22 最大持玉=4713
  サマリー: BB=0, RB=15, ART=94
  履歴件数: 109
    {'hit_num': 0, 'start': 0, 'medals': 184, 'type': 'ART', 'time': '22:42'}
    {'hit_num': 0, 'start': 0, 'medals': 192, 'type': 'ART', 'time': '22:39'}
    {'hit_num': 0, 'start': 0, 'medals': 227, 'type': 'ART', 'time': '22:35'}

✓ 保存: data/raw/sbj_2048_history_20260129_1344.json
  台2049...
======================================================================
台2049（渋谷エスパス新館）全履歴取得
======================================================================

アクセス: https://daidata.goraggio.com/100860/detail?unit=2049
概要データ: 7日分

【詳細を見るリンクを探す】
詳細リンク数: 7
  - https://daidata.goraggio.com/100860/detail?unit=2049&target_date=2026-01-28
  - https://daidata.goraggio.com/100860/detail?unit=2049&target_date=2026-01-27
  - https://daidata.goraggio.com/100860/detail?unit=2049&target_date=2026-01-26
  - https://daidata.goraggio.com/100860/detail?unit=2049&target_date=2026-01-25
  - https://daidata.goraggio.com/100860/detail?unit=2049&target_date=2026-01-24
  - https://daidata.goraggio.com/100860/detail?unit=2049&target_date=2026-01-23
  - https://daidata.goraggio.com/100860/detail?unit=2049&target_date=2026-01-22

【1/7】https://daidata.goraggio.com/100860/detail?unit=2049&target_date=2026-01-28
  日付: 2026-01-28 最大持玉=2331
  サマリー: BB=0, RB=15, ART=63
  履歴件数: 78
    {'hit_num': 0, 'start': 0, 'medals': 118, 'type': 'ART', 'time': '22:12'}
    {'hit_num': 0, 'start': 0, 'medals': 199, 'type': 'ART', 'time': '22:09'}
    {'hit_num': 0, 'start': 0, 'medals': 86, 'type': 'ART', 'time': '22:06'}

【2/7】https://daidata.goraggio.com/100860/detail?unit=2049&target_date=2026-01-27
  日付: 2026-01-27 最大持玉=1879
  サマリー: BB=0, RB=18, ART=57
  履歴件数: 75
    {'hit_num': 0, 'start': 0, 'medals': 156, 'type': 'ART', 'time': '21:22'}
    {'hit_num': 0, 'start': 0, 'medals': 164, 'type': 'ART', 'time': '21:19'}
    {'hit_num': 0, 'start': 0, 'medals': 160, 'type': 'ART', 'time': '21:16'}

【3/7】https://daidata.goraggio.com/100860/detail?unit=2049&target_date=2026-01-26
  日付: 2026-01-26 最大持玉=5415
  サマリー: BB=0, RB=22, ART=105
  履歴件数: 127
    {'hit_num': 0, 'start': 0, 'medals': 151, 'type': 'ART', 'time': '22:25'}
    {'hit_num': 0, 'start': 0, 'medals': 143, 'type': 'ART', 'time': '22:22'}
    {'hit_num': 0, 'start': 0, 'medals': 111, 'type': 'ART', 'time': '22:20'}

【4/7】https://daidata.goraggio.com/100860/detail?unit=2049&target_date=2026-01-25
  日付: 2026-01-25 最大持玉=4932
  サマリー: BB=0, RB=19, ART=84
  履歴件数: 103
    {'hit_num': 0, 'start': 0, 'medals': 121, 'type': 'ART', 'time': '21:45'}
    {'hit_num': 0, 'start': 0, 'medals': 123, 'type': 'ART', 'time': '21:41'}
    {'hit_num': 0, 'start': 204, 'medals': 0, 'type': 'RB', 'time': '21:41'}

【5/7】https://daidata.goraggio.com/100860/detail?unit=2049&target_date=2026-01-24
  日付: 2026-01-24 最大持玉=3102
  サマリー: BB=0, RB=16, ART=73
  履歴件数: 89
    {'hit_num': 0, 'start': 0, 'medals': 149, 'type': 'ART', 'time': '22:03'}
    {'hit_num': 0, 'start': 0, 'medals': 152, 'type': 'ART', 'time': '21:59'}
    {'hit_num': 0, 'start': 1, 'medals': 86, 'type': 'ART', 'time': '21:57'}

【6/7】https://daidata.goraggio.com/100860/detail?unit=2049&target_date=2026-01-23
  日付: 2026-01-23 最大持玉=3743
  サマリー: BB=0, RB=15, ART=62
  履歴件数: 77
    {'hit_num': 0, 'start': 1, 'medals': 155, 'type': 'ART', 'time': '22:05'}
    {'hit_num': 0, 'start': 5, 'medals': 3, 'type': 'RB', 'time': '22:05'}
    {'hit_num': 0, 'start': 0, 'medals': 267, 'type': 'ART', 'time': '22:00'}

【7/7】https://daidata.goraggio.com/100860/detail?unit=2049&target_date=2026-01-22
  日付: 2026-01-22 最大持玉=1510
  サマリー: BB=0, RB=14, ART=45
  履歴件数: 59
    {'hit_num': 0, 'start': 0, 'medals': 154, 'type': 'ART', 'time': '22:12'}
    {'hit_num': 0, 'start': 0, 'medals': 104, 'type': 'ART', 'time': '22:09'}
    {'hit_num': 0, 'start': 0, 'medals': 110, 'type': 'ART', 'time': '22:07'}

✓ 保存: data/raw/sbj_2049_history_20260129_1344.json
  台2050...
======================================================================
台2050（渋谷エスパス新館）全履歴取得
======================================================================

アクセス: https://daidata.goraggio.com/100860/detail?unit=2050
概要データ: 7日分

【詳細を見るリンクを探す】
詳細リンク数: 7
  - https://daidata.goraggio.com/100860/detail?unit=2050&target_date=2026-01-28
  - https://daidata.goraggio.com/100860/detail?unit=2050&target_date=2026-01-27
  - https://daidata.goraggio.com/100860/detail?unit=2050&target_date=2026-01-26
  - https://daidata.goraggio.com/100860/detail?unit=2050&target_date=2026-01-25
  - https://daidata.goraggio.com/100860/detail?unit=2050&target_date=2026-01-24
  - https://daidata.goraggio.com/100860/detail?unit=2050&target_date=2026-01-23
  - https://daidata.goraggio.com/100860/detail?unit=2050&target_date=2026-01-22

【1/7】https://daidata.goraggio.com/100860/detail?unit=2050&target_date=2026-01-28
  日付: 2026-01-28 最大持玉=4752
  サマリー: BB=0, RB=13, ART=64
  履歴件数: 77
    {'hit_num': 0, 'start': 0, 'medals': 159, 'type': 'ART', 'time': '21:01'}
    {'hit_num': 0, 'start': 0, 'medals': 147, 'type': 'ART', 'time': '20:58'}
    {'hit_num': 0, 'start': 0, 'medals': 116, 'type': 'ART', 'time': '20:56'}

【2/7】https://daidata.goraggio.com/100860/detail?unit=2050&target_date=2026-01-27
  日付: 2026-01-27 最大持玉=3488
  サマリー: BB=0, RB=21, ART=60
  履歴件数: 81
    {'hit_num': 0, 'start': 0, 'medals': 121, 'type': 'ART', 'time': '20:47'}
    {'hit_num': 0, 'start': 1, 'medals': 119, 'type': 'ART', 'time': '20:45'}
    {'hit_num': 0, 'start': 44, 'medals': 10, 'type': 'RB', 'time': '20:44'}

【3/7】https://daidata.goraggio.com/100860/detail?unit=2050&target_date=2026-01-26
  日付: 2026-01-26 最大持玉=2406
  サマリー: BB=0, RB=15, ART=44
  履歴件数: 59
    {'hit_num': 0, 'start': 0, 'medals': 132, 'type': 'ART', 'time': '20:57'}
    {'hit_num': 0, 'start': 0, 'medals': 129, 'type': 'ART', 'time': '20:54'}
    {'hit_num': 0, 'start': 0, 'medals': 127, 'type': 'ART', 'time': '20:52'}

【4/7】https://daidata.goraggio.com/100860/detail?unit=2050&target_date=2026-01-25
  日付: 2026-01-25 最大持玉=2776
  サマリー: BB=0, RB=18, ART=60
  履歴件数: 78
    {'hit_num': 0, 'start': 0, 'medals': 175, 'type': 'ART', 'time': '22:11'}
    {'hit_num': 0, 'start': 0, 'medals': 132, 'type': 'ART', 'time': '22:09'}
    {'hit_num': 0, 'start': 1, 'medals': 65, 'type': 'ART', 'time': '22:06'}

【5/7】https://daidata.goraggio.com/100860/detail?unit=2050&target_date=2026-01-24
  日付: 2026-01-24 最大持玉=2351
  サマリー: BB=0, RB=16, ART=55
  履歴件数: 71
    {'hit_num': 0, 'start': 1, 'medals': 165, 'type': 'ART', 'time': '22:06'}
    {'hit_num': 0, 'start': 652, 'medals': 1, 'type': 'RB', 'time': '22:06'}
    {'hit_num': 0, 'start': 1, 'medals': 137, 'type': 'ART', 'time': '20:18'}

【6/7】https://daidata.goraggio.com/100860/detail?unit=2050&target_date=2026-01-23
  日付: 2026-01-23 最大持玉=3340
  サマリー: BB=0, RB=16, ART=74
  履歴件数: 90
    {'hit_num': 0, 'start': 0, 'medals': 0, 'type': 'ART', 'time': '22:49'}
    {'hit_num': 0, 'start': 0, 'medals': 189, 'type': 'ART', 'time': '22:46'}
    {'hit_num': 0, 'start': 0, 'medals': 130, 'type': 'ART', 'time': '22:43'}

【7/7】https://daidata.goraggio.com/100860/detail?unit=2050&target_date=2026-01-22
  日付: 2026-01-22 最大持玉=2920
  サマリー: BB=0, RB=20, ART=75
  履歴件数: 95
    {'hit_num': 0, 'start': 0, 'medals': 114, 'type': 'ART', 'time': '21:36'}
    {'hit_num': 0, 'start': 0, 'medals': 173, 'type': 'ART', 'time': '21:33'}
    {'hit_num': 0, 'start': 1, 'medals': 120, 'type': 'ART', 'time': '21:30'}

✓ 保存: data/raw/sbj_2050_history_20260129_1345.json
  台2051...
======================================================================
台2051（渋谷エスパス新館）全履歴取得
======================================================================

アクセス: https://daidata.goraggio.com/100860/detail?unit=2051
概要データ: 7日分

【詳細を見るリンクを探す】
詳細リンク数: 7
  - https://daidata.goraggio.com/100860/detail?unit=2051&target_date=2026-01-28
  - https://daidata.goraggio.com/100860/detail?unit=2051&target_date=2026-01-27
  - https://daidata.goraggio.com/100860/detail?unit=2051&target_date=2026-01-26
  - https://daidata.goraggio.com/100860/detail?unit=2051&target_date=2026-01-25
  - https://daidata.goraggio.com/100860/detail?unit=2051&target_date=2026-01-24
  - https://daidata.goraggio.com/100860/detail?unit=2051&target_date=2026-01-23
  - https://daidata.goraggio.com/100860/detail?unit=2051&target_date=2026-01-22

【1/7】https://daidata.goraggio.com/100860/detail?unit=2051&target_date=2026-01-28
  日付: 2026-01-28 最大持玉=7114
  サマリー: BB=0, RB=11, ART=103
  履歴件数: 114
    {'hit_num': 0, 'start': 1, 'medals': 137, 'type': 'ART', 'time': '21:36'}
    {'hit_num': 0, 'start': 71, 'medals': 2, 'type': 'RB', 'time': '21:36'}
    {'hit_num': 0, 'start': 78, 'medals': 289, 'type': 'ART', 'time': '21:26'}

【2/7】https://daidata.goraggio.com/100860/detail?unit=2051&target_date=2026-01-27
  日付: 2026-01-27 最大持玉=2441
  サマリー: BB=0, RB=20, ART=71
  履歴件数: 91
    {'hit_num': 0, 'start': 0, 'medals': 118, 'type': 'ART', 'time': '22:03'}
    {'hit_num': 0, 'start': 0, 'medals': 106, 'type': 'ART', 'time': '22:00'}
    {'hit_num': 0, 'start': 1, 'medals': 106, 'type': 'ART', 'time': '21:58'}

【3/7】https://daidata.goraggio.com/100860/detail?unit=2051&target_date=2026-01-26
  日付: 2026-01-26 最大持玉=1718
  サマリー: BB=0, RB=10, ART=37
  履歴件数: 47
    {'hit_num': 0, 'start': 0, 'medals': 123, 'type': 'ART', 'time': '20:15'}
    {'hit_num': 0, 'start': 0, 'medals': 102, 'type': 'ART', 'time': '20:12'}
    {'hit_num': 0, 'start': 0, 'medals': 112, 'type': 'ART', 'time': '20:10'}

【4/7】https://daidata.goraggio.com/100860/detail?unit=2051&target_date=2026-01-25
  日付: 2026-01-25 最大持玉=1717
  サマリー: BB=0, RB=12, ART=42
  履歴件数: 54
    {'hit_num': 0, 'start': 1, 'medals': 176, 'type': 'ART', 'time': '19:23'}
    {'hit_num': 0, 'start': 23, 'medals': 10, 'type': 'RB', 'time': '19:23'}
    {'hit_num': 0, 'start': 0, 'medals': 251, 'type': 'ART', 'time': '19:14'}

【5/7】https://daidata.goraggio.com/100860/detail?unit=2051&target_date=2026-01-24
  日付: 2026-01-24 最大持玉=561
  サマリー: BB=0, RB=11, ART=21
  履歴件数: 32
    {'hit_num': 0, 'start': 1, 'medals': 117, 'type': 'ART', 'time': '20:09'}
    {'hit_num': 0, 'start': 575, 'medals': 10, 'type': 'RB', 'time': '20:09'}
    {'hit_num': 0, 'start': 0, 'medals': 111, 'type': 'ART', 'time': '19:13'}

【6/7】https://daidata.goraggio.com/100860/detail?unit=2051&target_date=2026-01-23
  日付: 2026-01-23 最大持玉=1938
  サマリー: BB=0, RB=15, ART=53
  履歴件数: 68
    {'hit_num': 0, 'start': 0, 'medals': 194, 'type': 'ART', 'time': '22:32'}
    {'hit_num': 0, 'start': 0, 'medals': 159, 'type': 'ART', 'time': '22:29'}
    {'hit_num': 0, 'start': 0, 'medals': 155, 'type': 'ART', 'time': '22:26'}

【7/7】https://daidata.goraggio.com/100860/detail?unit=2051&target_date=2026-01-22
  日付: 2026-01-22 最大持玉=8785
  サマリー: BB=0, RB=12, ART=90
  履歴件数: 102
    {'hit_num': 0, 'start': 0, 'medals': 134, 'type': 'ART', 'time': '21:43'}
    {'hit_num': 0, 'start': 0, 'medals': 136, 'type': 'ART', 'time': '21:41'}
    {'hit_num': 0, 'start': 0, 'medals': 162, 'type': 'ART', 'time': '21:38'}

✓ 保存: data/raw/sbj_2051_history_20260129_1346.json
  台2052...
======================================================================
台2052（渋谷エスパス新館）全履歴取得
======================================================================
